0 info it worked if it ends with ok
1 verbose cli [ '/Users/aleeexkang/.nvm/versions/node/v6.3.0/bin/node',
1 verbose cli   '/Users/aleeexkang/.nvm/versions/node/v6.3.0/bin/npm',
<<<<<<< 21209371fceed4034ffc9dbf3215ab2edc966aea
1 verbose cli   'run',
1 verbose cli   'tsc:w' ]
2 info using npm@3.10.3
3 info using node@v6.3.0
4 verbose run-script [ 'pretsc:w', 'tsc:w', 'posttsc:w' ]
5 info lifecycle angular2-quickstart@1.0.0~pretsc:w: angular2-quickstart@1.0.0
6 silly lifecycle angular2-quickstart@1.0.0~pretsc:w: no script for pretsc:w, continuing
7 info lifecycle angular2-quickstart@1.0.0~tsc:w: angular2-quickstart@1.0.0
8 verbose lifecycle angular2-quickstart@1.0.0~tsc:w: unsafe-perm in lifecycle true
9 verbose lifecycle angular2-quickstart@1.0.0~tsc:w: PATH: /Users/aleeexkang/.nvm/versions/node/v6.3.0/lib/node_modules/npm/bin/node-gyp-bin:/Users/aleeexkang/git-repos/dm12/angular2-quickstart/node_modules/.bin:/Users/aleeexkang/.nvm/versions/node/v6.3.0/bin:/Users/aleeexkang/.nvm/versions/node/v6.3.0/lib/node_modules/npm/bin/node-gyp-bin:/Users/aleeexkang/git-repos/dm12/angular2-quickstart/node_modules/.bin:/Users/aleeexkang/.nvm/versions/node/v6.3.0/bin:/Users/aleeexkang/.nvm/versions/node/v6.3.0/bin:/Applications/Postgres.app/Contents/Versions/9.3/bin/:/Users/aleeexkang/.rvm/gems/ruby-2.1.5/bin:/Users/aleeexkang/.rvm/gems/ruby-2.1.5@global/bin:/Users/aleeexkang/.rvm/rubies/ruby-2.1.5/bin:/usr/local/bin:/usr/local/sbin:/usr/bin:/bin:/usr/sbin:/sbin:/Users/aleeexkang/.rvm/bin:/Users/aleeexkang/.rvm/bin
10 verbose lifecycle angular2-quickstart@1.0.0~tsc:w: CWD: /Users/aleeexkang/git-repos/dm12/angular2-quickstart
11 silly lifecycle angular2-quickstart@1.0.0~tsc:w: Args: [ '-c', 'tsc -w' ]
12 silly lifecycle angular2-quickstart@1.0.0~tsc:w: Returned: code: 1  signal: null
13 info lifecycle angular2-quickstart@1.0.0~tsc:w: Failed to exec tsc:w script
14 verbose stack Error: angular2-quickstart@1.0.0 tsc:w: `tsc -w`
14 verbose stack Exit status 1
=======
1 verbose cli   'start' ]
2 info using npm@3.10.3
3 info using node@v6.3.0
4 verbose run-script [ 'prestart', 'start', 'poststart' ]
5 info lifecycle angular2-quickstart@1.0.0~prestart: angular2-quickstart@1.0.0
6 silly lifecycle angular2-quickstart@1.0.0~prestart: no script for prestart, continuing
7 info lifecycle angular2-quickstart@1.0.0~start: angular2-quickstart@1.0.0
8 verbose lifecycle angular2-quickstart@1.0.0~start: unsafe-perm in lifecycle true
9 verbose lifecycle angular2-quickstart@1.0.0~start: PATH: /Users/aleeexkang/.nvm/versions/node/v6.3.0/lib/node_modules/npm/bin/node-gyp-bin:/Users/aleeexkang/git-repos/dm12/angular2-quickstart/node_modules/.bin:/Users/aleeexkang/.nvm/versions/node/v6.3.0/bin:/Users/aleeexkang/.nvm/versions/node/v6.3.0/bin:/Applications/Postgres.app/Contents/Versions/9.3/bin/:/Users/aleeexkang/.rvm/gems/ruby-2.1.5/bin:/Users/aleeexkang/.rvm/gems/ruby-2.1.5@global/bin:/Users/aleeexkang/.rvm/rubies/ruby-2.1.5/bin:/usr/local/bin:/usr/local/sbin:/usr/bin:/bin:/usr/sbin:/sbin:/Users/aleeexkang/.rvm/bin:/Users/aleeexkang/.rvm/bin
10 verbose lifecycle angular2-quickstart@1.0.0~start: CWD: /Users/aleeexkang/git-repos/dm12/angular2-quickstart
11 silly lifecycle angular2-quickstart@1.0.0~start: Args: [ '-c', 'tsc && concurrently "npm run tsc:w" "npm run lite" ' ]
12 silly lifecycle angular2-quickstart@1.0.0~start: Returned: code: 2  signal: null
13 info lifecycle angular2-quickstart@1.0.0~start: Failed to exec start script
14 verbose stack Error: angular2-quickstart@1.0.0 start: `tsc && concurrently "npm run tsc:w" "npm run lite" `
14 verbose stack Exit status 2
>>>>>>> ok npm start threw an error saying it was lookin for AppComponent. Changing WhateverComponent bakc to AppComponent
14 verbose stack     at EventEmitter.<anonymous> (/Users/aleeexkang/.nvm/versions/node/v6.3.0/lib/node_modules/npm/lib/utils/lifecycle.js:242:16)
14 verbose stack     at emitTwo (events.js:106:13)
14 verbose stack     at EventEmitter.emit (events.js:191:7)
14 verbose stack     at ChildProcess.<anonymous> (/Users/aleeexkang/.nvm/versions/node/v6.3.0/lib/node_modules/npm/lib/utils/spawn.js:40:14)
14 verbose stack     at emitTwo (events.js:106:13)
14 verbose stack     at ChildProcess.emit (events.js:191:7)
14 verbose stack     at maybeClose (internal/child_process.js:852:16)
14 verbose stack     at Process.ChildProcess._handle.onexit (internal/child_process.js:215:5)
15 verbose pkgid angular2-quickstart@1.0.0
16 verbose cwd /Users/aleeexkang/git-repos/dm12/angular2-quickstart
17 error Darwin 15.6.0
<<<<<<< 21209371fceed4034ffc9dbf3215ab2edc966aea
18 error argv "/Users/aleeexkang/.nvm/versions/node/v6.3.0/bin/node" "/Users/aleeexkang/.nvm/versions/node/v6.3.0/bin/npm" "run" "tsc:w"
19 error node v6.3.0
20 error npm  v3.10.3
21 error code ELIFECYCLE
22 error angular2-quickstart@1.0.0 tsc:w: `tsc -w`
22 error Exit status 1
23 error Failed at the angular2-quickstart@1.0.0 tsc:w script 'tsc -w'.
=======
18 error argv "/Users/aleeexkang/.nvm/versions/node/v6.3.0/bin/node" "/Users/aleeexkang/.nvm/versions/node/v6.3.0/bin/npm" "start"
19 error node v6.3.0
20 error npm  v3.10.3
21 error code ELIFECYCLE
22 error angular2-quickstart@1.0.0 start: `tsc && concurrently "npm run tsc:w" "npm run lite" `
22 error Exit status 2
23 error Failed at the angular2-quickstart@1.0.0 start script 'tsc && concurrently "npm run tsc:w" "npm run lite" '.
>>>>>>> ok npm start threw an error saying it was lookin for AppComponent. Changing WhateverComponent bakc to AppComponent
23 error Make sure you have the latest version of node.js and npm installed.
23 error If you do, this is most likely a problem with the angular2-quickstart package,
23 error not with npm itself.
23 error Tell the author that this fails on your system:
<<<<<<< 21209371fceed4034ffc9dbf3215ab2edc966aea
23 error     tsc -w
=======
23 error     tsc && concurrently "npm run tsc:w" "npm run lite"
>>>>>>> ok npm start threw an error saying it was lookin for AppComponent. Changing WhateverComponent bakc to AppComponent
23 error You can get information on how to open an issue for this project with:
23 error     npm bugs angular2-quickstart
23 error Or if that isn't available, you can get their info via:
23 error     npm owner ls angular2-quickstart
23 error There is likely additional logging output above.
24 verbose exit [ 1, true ]
